#
# There is insufficient memory for the Java Runtime Environment to continue.
# Native memory allocation (malloc) failed to allocate 32744 bytes for Chunk::new
# Possible reasons:
#   The system is out of physical RAM or swap space
#   The process is running with CompressedOops enabled, and the Java Heap may be blocking the growth of the native heap
# Possible solutions:
#   Reduce memory load on the system
#   Increase physical memory or swap space
#   Check if swap backing store is full
#   Decrease Java heap size (-Xmx/-Xms)
#   Decrease number of Java threads
#   Decrease Java thread stack sizes (-Xss)
#   Set larger code cache with -XX:ReservedCodeCacheSize=
#   JVM is running with Zero Based Compressed Oops mode in which the Java heap is
#     placed in the first 32GB address space. The Java Heap base address is the
#     maximum limit for the native heap growth. Please use -XX:HeapBaseMinAddress
#     to set the Java Heap base and to place the Java Heap above 32GB virtual address.
# This output file may be truncated or incomplete.
#
#  Out of Memory Error (arena.cpp:168), pid=26592, tid=19428
#
# JRE version: Java(TM) SE Runtime Environment (21.0.2+13) (build 21.0.2+13-LTS-58)
# Java VM: Java HotSpot(TM) 64-Bit Server VM (21.0.2+13-LTS-58, mixed mode, sharing, tiered, compressed oops, compressed class ptrs, g1 gc, windows-amd64)
# No core dump will be written. Minidumps are not enabled by default on client versions of Windows
#

---------------  S U M M A R Y ------------

Command Line: C:\Users\Andres\OneDrive - Universidad Tecnológica de Bolívar\Documentos\WPS\wpsUI-connection\wpsUI/src/wps/wpsSimulator-1.0.jar -mode single -env local -agents 1 -money 75000 -land 2 -personality 0 -tools 20 -seeds 50 -water 0 -irrigation 0 -emotions 0 -years 1

Host: AMD Ryzen 7 2700 Eight-Core Processor          , 16 cores, 31G,  Windows 11 , 64 bit Build 26100 (10.0.26100.4202)
Time: Sun Jun  8 02:55:22 2025 Hora est. Pacífico, Sudamérica elapsed time: 148.128537 seconds (0d 0h 2m 28s)

---------------  T H R E A D  ---------------

Current thread (0x000001257d162b00):  JavaThread "C2 CompilerThread0" daemon [_thread_in_native, id=19428, stack(0x000000138f400000,0x000000138f500000) (1024K)]


Current CompileTask:
C2: 148128 5035   !   4       io.undertow.server.protocol.framed.AbstractFramedStreamSinkChannel::queueFinalFrame (139 bytes)

Stack: [0x000000138f400000,0x000000138f500000]
Native frames: (J=compiled Java code, j=interpreted, Vv=VM code, C=native code)
V  [jvm.dll+0x6cade9]
V  [jvm.dll+0x8569c1]
V  [jvm.dll+0x858d2e]
V  [jvm.dll+0x859413]
V  [jvm.dll+0x280e56]
V  [jvm.dll+0xc3f3d]
V  [jvm.dll+0xc4473]
V  [jvm.dll+0x654a5b]
V  [jvm.dll+0x654bff]
V  [jvm.dll+0x65abb9]
V  [jvm.dll+0x65bbd6]
V  [jvm.dll+0x659f0d]
V  [jvm.dll+0x249a55]
V  [jvm.dll+0x2491b1]
V  [jvm.dll+0x1c9634]
V  [jvm.dll+0x258859]
V  [jvm.dll+0x256e3a]
V  [jvm.dll+0x3ef6c6]
V  [jvm.dll+0x7ff568]
V  [jvm.dll+0x6c953d]
C  [ucrtbase.dll+0x37b0]
C  [KERNEL32.DLL+0x2e8d7]
C  [ntdll.dll+0x3c34c]


---------------  P R O C E S S  ---------------

Threads class SMR info:
_java_thread_list=0x000001257dac7200, length=55, elements={
0x000001257d147320, 0x000001257d147f80, 0x000001257d159d40, 0x000001257d15ab00,
0x000001257d15beb0, 0x000001257d15f2b0, 0x000001257d162b00, 0x000001257d170480,
0x000001257d33ac20, 0x000001257d33d0b0, 0x000001257d99dbb0, 0x000001257d99ee40,
0x000001257d9a4890, 0x000001257da35d60, 0x000001257dda9990, 0x000001257de4e8c0,
0x000001257e326c10, 0x000001257dd3f4c0, 0x000001257dd98aa0, 0x000001257dd976f0,
0x000001257dd99130, 0x000001257dd98410, 0x000001257dd97d80, 0x000001257dd99e50,
0x000001257dd9a4e0, 0x000001257dd9ab70, 0x000001257e6fdf30, 0x000001257e6fc4f0,
0x000001257e6fb7d0, 0x000001257e6fcb80, 0x000001257e6fb140, 0x000001257e6fbe60,
0x000001257e6faab0, 0x000001257e6fd8a0, 0x000001257e6ff970, 0x000001257e6fe5c0,
0x000001257e6fec50, 0x000001257e700690, 0x000001257e700000, 0x000001257e6fd210,
0x000001257e700d20, 0x000001257e7013b0, 0x000001257e701a40, 0x000001257e7020d0,
0x000001257ea4a5f0, 0x000001257ea4cd50, 0x000001257ea4b310, 0x000001257ea49f60,
0x000001257ea4d3e0, 0x000001257ea4b9a0, 0x000001257ea4c6c0, 0x000001257ea4da70,
0x000001257ea4e100, 0x000001257ea4ac80, 0x000001257ea50860
}

Java Threads: ( => current thread )
  0x000001257d147320 JavaThread "Reference Handler"          daemon [_thread_blocked, id=15572, stack(0x000000138ee00000,0x000000138ef00000) (1024K)]
  0x000001257d147f80 JavaThread "Finalizer"                  daemon [_thread_blocked, id=25156, stack(0x000000138ef00000,0x000000138f000000) (1024K)]
  0x000001257d159d40 JavaThread "Signal Dispatcher"          daemon [_thread_blocked, id=26828, stack(0x000000138f000000,0x000000138f100000) (1024K)]
  0x000001257d15ab00 JavaThread "Attach Listener"            daemon [_thread_blocked, id=22120, stack(0x000000138f100000,0x000000138f200000) (1024K)]
  0x000001257d15beb0 JavaThread "Service Thread"             daemon [_thread_blocked, id=17600, stack(0x000000138f200000,0x000000138f300000) (1024K)]
  0x000001257d15f2b0 JavaThread "Monitor Deflation Thread"   daemon [_thread_blocked, id=8672, stack(0x000000138f300000,0x000000138f400000) (1024K)]
=>0x000001257d162b00 JavaThread "C2 CompilerThread0"         daemon [_thread_in_native, id=19428, stack(0x000000138f400000,0x000000138f500000) (1024K)]
  0x000001257d170480 JavaThread "C1 CompilerThread0"         daemon [_thread_blocked, id=4980, stack(0x000000138f500000,0x000000138f600000) (1024K)]
  0x000001257d33ac20 JavaThread "Notification Thread"        daemon [_thread_blocked, id=15740, stack(0x000000138f800000,0x000000138f900000) (1024K)]
  0x000001257d33d0b0 JavaThread "Common-Cleaner"             daemon [_thread_blocked, id=20212, stack(0x000000138f900000,0x000000138fa00000) (1024K)]
  0x000001257d99dbb0 JavaThread "Thread-0"                          [_thread_blocked, id=24696, stack(0x000000138fd00000,0x000000138fe00000) (1024K)]
  0x000001257d99ee40 JavaThread "Thread-1"                          [_thread_blocked, id=15040, stack(0x000000138fe00000,0x000000138ff00000) (1024K)]
  0x000001257d9a4890 JavaThread "Thread-2"                          [_thread_blocked, id=21464, stack(0x000000138ff00000,0x0000001390000000) (1024K)]
  0x000001257da35d60 JavaThread "Thread-3"                          [_thread_blocked, id=25612, stack(0x0000001390000000,0x0000001390100000) (1024K)]
  0x000001257dda9990 JavaThread "Thread-4"                          [_thread_blocked, id=27320, stack(0x0000001390400000,0x0000001390500000) (1024K)]
  0x000001257de4e8c0 JavaThread "Thread-5"                          [_thread_blocked, id=25088, stack(0x0000001390500000,0x0000001390600000) (1024K)]
  0x000001257e326c10 JavaThread "Thread-6"                          [_thread_blocked, id=26748, stack(0x0000001390600000,0x0000001390700000) (1024K)]
  0x000001257dd3f4c0 JavaThread "Thread-7"                          [_thread_blocked, id=14756, stack(0x0000001390700000,0x0000001390800000) (1024K)]
  0x000001257dd98aa0 JavaThread "Thread-8"                          [_thread_blocked, id=26620, stack(0x0000001390800000,0x0000001390900000) (1024K)]
  0x000001257dd976f0 JavaThread "Thread-9"                          [_thread_blocked, id=4472, stack(0x0000001391500000,0x0000001391600000) (1024K)]
  0x000001257dd99130 JavaThread "Thread-10"                         [_thread_blocked, id=22428, stack(0x0000001391600000,0x0000001391700000) (1024K)]
  0x000001257dd98410 JavaThread "Thread-11"                         [_thread_blocked, id=16224, stack(0x0000001391700000,0x0000001391800000) (1024K)]
  0x000001257dd97d80 JavaThread "Thread-12"                         [_thread_blocked, id=20736, stack(0x000000138f600000,0x000000138f700000) (1024K)]
  0x000001257dd99e50 JavaThread "Thread-13"                         [_thread_blocked, id=23268, stack(0x000000138f700000,0x000000138f800000) (1024K)]
  0x000001257dd9a4e0 JavaThread "Thread-14"                         [_thread_blocked, id=6024, stack(0x000000138fc00000,0x000000138fd00000) (1024K)]
  0x000001257dd9ab70 JavaThread "Thread-16"                         [_thread_blocked, id=27624, stack(0x0000001391a00000,0x0000001391b00000) (1024K)]
  0x000001257e6fdf30 JavaThread "Thread-17"                         [_thread_blocked, id=26188, stack(0x0000001391b00000,0x0000001391c00000) (1024K)]
  0x000001257e6fc4f0 JavaThread "Thread-18"                         [_thread_blocked, id=22128, stack(0x0000001391c00000,0x0000001391d00000) (1024K)]
  0x000001257e6fb7d0 JavaThread "Thread-19"                         [_thread_blocked, id=21096, stack(0x0000001391d00000,0x0000001391e00000) (1024K)]
  0x000001257e6fcb80 JavaThread "Thread-20"                         [_thread_blocked, id=9976, stack(0x0000001391e00000,0x0000001391f00000) (1024K)]
  0x000001257e6fb140 JavaThread "Thread-21"                         [_thread_blocked, id=4828, stack(0x0000001391f00000,0x0000001392000000) (1024K)]
  0x000001257e6fbe60 JavaThread "Thread-22"                         [_thread_blocked, id=4768, stack(0x0000001392000000,0x0000001392100000) (1024K)]
  0x000001257e6faab0 JavaThread "Thread-23"                         [_thread_blocked, id=5364, stack(0x0000001392100000,0x0000001392200000) (1024K)]
  0x000001257e6fd8a0 JavaThread "Thread-24"                         [_thread_blocked, id=25680, stack(0x0000001392200000,0x0000001392300000) (1024K)]
  0x000001257e6ff970 JavaThread "DestroyJavaVM"                     [_thread_blocked, id=25564, stack(0x000000138e600000,0x000000138e700000) (1024K)]
  0x000001257e6fe5c0 JavaThread "XNIO-1 I/O-1"                      [_thread_in_native, id=23052, stack(0x0000001392300000,0x0000001392400000) (1024K)]
  0x000001257e6fec50 JavaThread "XNIO-1 I/O-2"                      [_thread_in_native, id=19124, stack(0x0000001392400000,0x0000001392500000) (1024K)]
  0x000001257e700690 JavaThread "XNIO-1 I/O-3"                      [_thread_in_native, id=3300, stack(0x0000001392500000,0x0000001392600000) (1024K)]
  0x000001257e700000 JavaThread "XNIO-1 I/O-4"                      [_thread_in_native, id=16740, stack(0x0000001392600000,0x0000001392700000) (1024K)]
  0x000001257e6fd210 JavaThread "XNIO-1 I/O-5"                      [_thread_in_native, id=27500, stack(0x0000001392700000,0x0000001392800000) (1024K)]
  0x000001257e700d20 JavaThread "XNIO-1 I/O-6"                      [_thread_in_native, id=18108, stack(0x0000001392800000,0x0000001392900000) (1024K)]
  0x000001257e7013b0 JavaThread "XNIO-1 I/O-7"                      [_thread_in_native, id=26536, stack(0x0000001392900000,0x0000001392a00000) (1024K)]
  0x000001257e701a40 JavaThread "XNIO-1 I/O-8"                      [_thread_in_native, id=25360, stack(0x0000001392a00000,0x0000001392b00000) (1024K)]
  0x000001257e7020d0 JavaThread "XNIO-1 I/O-9"                      [_thread_in_native, id=13128, stack(0x0000001392b00000,0x0000001392c00000) (1024K)]
  0x000001257ea4a5f0 JavaThread "XNIO-1 I/O-10"                     [_thread_in_native, id=17368, stack(0x0000001392c00000,0x0000001392d00000) (1024K)]
  0x000001257ea4cd50 JavaThread "XNIO-1 I/O-11"                     [_thread_in_native, id=24476, stack(0x0000001392d00000,0x0000001392e00000) (1024K)]
  0x000001257ea4b310 JavaThread "XNIO-1 I/O-12"                     [_thread_in_native, id=18248, stack(0x0000001392e00000,0x0000001392f00000) (1024K)]
  0x000001257ea49f60 JavaThread "XNIO-1 I/O-13"                     [_thread_in_native, id=7208, stack(0x0000001392f00000,0x0000001393000000) (1024K)]
  0x000001257ea4d3e0 JavaThread "XNIO-1 I/O-14"                     [_thread_in_native, id=20424, stack(0x0000001393000000,0x0000001393100000) (1024K)]
  0x000001257ea4b9a0 JavaThread "XNIO-1 I/O-15"                     [_thread_in_native, id=25764, stack(0x0000001393100000,0x0000001393200000) (1024K)]
  0x000001257ea4c6c0 JavaThread "XNIO-1 I/O-16"                     [_thread_in_native, id=12076, stack(0x0000001393200000,0x0000001393300000) (1024K)]
  0x000001257ea4da70 JavaThread "XNIO-1 Accept"                     [_thread_in_native, id=20308, stack(0x0000001393300000,0x0000001393400000) (1024K)]
  0x000001257ea4e100 JavaThread "pool-32-thread-1"                  [_thread_blocked, id=25404, stack(0x000000138e300000,0x000000138e400000) (1024K)]
  0x000001257ea4ac80 JavaThread "Thread-29"                         [_thread_blocked, id=24324, stack(0x000000138e400000,0x000000138e500000) (1024K)]
  0x000001257ea50860 JavaThread "Thread-30"                         [_thread_blocked, id=14092, stack(0x000000138e500000,0x000000138e600000) (1024K)]
Total: 55

Other Threads:
  0x000001257d129090 VMThread "VM Thread"                           [id=25964, stack(0x000000138ed00000,0x000000138ee00000) (1024K)]
  0x000001257a30c950 WatcherThread "VM Periodic Task Thread"        [id=26716, stack(0x000000138ec00000,0x000000138ed00000) (1024K)]
  0x000001255650d500 WorkerThread "GC Thread#0"                     [id=1468, stack(0x000000138e700000,0x000000138e800000) (1024K)]
  0x000001257da4c750 WorkerThread "GC Thread#1"                     [id=26424, stack(0x0000001390900000,0x0000001390a00000) (1024K)]
  0x000001257e393120 WorkerThread "GC Thread#2"                     [id=18900, stack(0x0000001390a00000,0x0000001390b00000) (1024K)]
  0x000001257e3938d0 WorkerThread "GC Thread#3"                     [id=21328, stack(0x0000001390b00000,0x0000001390c00000) (1024K)]
  0x000001257e393c70 WorkerThread "GC Thread#4"                     [id=24348, stack(0x0000001390c00000,0x0000001390d00000) (1024K)]
  0x000001257dd7dea0 WorkerThread "GC Thread#5"                     [id=18052, stack(0x0000001390d00000,0x0000001390e00000) (1024K)]
  0x000001257dd7f250 WorkerThread "GC Thread#6"                     [id=14200, stack(0x0000001390e00000,0x0000001390f00000) (1024K)]
  0x000001257dda0ae0 WorkerThread "GC Thread#7"                     [id=3464, stack(0x0000001390f00000,0x0000001391000000) (1024K)]
  0x000001257dda0e80 WorkerThread "GC Thread#8"                     [id=14864, stack(0x0000001391000000,0x0000001391100000) (1024K)]
  0x000001257dd332a0 WorkerThread "GC Thread#9"                     [id=8144, stack(0x0000001391100000,0x0000001391200000) (1024K)]
  0x000001257e4c01e0 WorkerThread "GC Thread#10"                    [id=24620, stack(0x0000001391200000,0x0000001391300000) (1024K)]
  0x000001257e4c0920 WorkerThread "GC Thread#11"                    [id=27008, stack(0x0000001391300000,0x0000001391400000) (1024K)]
  0x000001257e4c0580 WorkerThread "GC Thread#12"                    [id=15192, stack(0x0000001391400000,0x0000001391500000) (1024K)]
  0x000001257a124070 ConcurrentGCThread "G1 Main Marker"            [id=3140, stack(0x000000138e800000,0x000000138e900000) (1024K)]
  0x000001257a124a80 WorkerThread "G1 Conc#0"                       [id=18404, stack(0x000000138e900000,0x000000138ea00000) (1024K)]
  0x000001257a1cc8f0 ConcurrentGCThread "G1 Refine#0"               [id=26204, stack(0x000000138ea00000,0x000000138eb00000) (1024K)]
  0x000001257a1cd370 ConcurrentGCThread "G1 Service"                [id=13236, stack(0x000000138eb00000,0x000000138ec00000) (1024K)]
Total: 19

Threads with active compile tasks:
C2 CompilerThread0   148176 5035   !   4       io.undertow.server.protocol.framed.AbstractFramedStreamSinkChannel::queueFinalFrame (139 bytes)
Total: 1

VM state: not at safepoint (normal execution)

VM Mutex/Monitor currently owned by a thread: None

Heap address: 0x0000000600c00000, size: 8180 MB, Compressed Oops mode: Zero based, Oop shift amount: 3

CDS archive(s) mapped at: [0x0000012500000000-0x0000012500c90000-0x0000012500c90000), size 13172736, SharedBaseAddress: 0x0000012500000000, ArchiveRelocationMode: 1.
Compressed class space mapped at: 0x0000012501000000-0x0000012541000000, reserved size: 1073741824
Narrow klass base: 0x0000012500000000, Narrow klass shift: 0, Narrow klass range: 0x100000000

GC Precious Log:
 CardTable entry size: 512
 Card Set container configuration: InlinePtr #cards 4 size 8 Array Of Cards #cards 32 size 80 Howl #buckets 8 coarsen threshold 7372 Howl Bitmap #cards 1024 size 144 coarsen threshold 921 Card regions per heap region 1 cards per card region 8192
 CPUs: 16 total, 16 available
 Memory: 32718M
 Large Page Support: Disabled
 NUMA Support: Disabled
 Compressed Oops: Enabled (Zero based)
 Heap Region Size: 4M
 Heap Min Capacity: 8M
 Heap Initial Capacity: 512M
 Heap Max Capacity: 8180M
 Pre-touch: Disabled
 Parallel Workers: 13
 Concurrent Workers: 3
 Concurrent Refinement Workers: 13
 Periodic GC: Disabled

Heap:
 garbage-first heap   total 524288K, used 237306K [0x0000000600c00000, 0x0000000800000000)
  region size 4096K, 59 young (241664K), 2 survivors (8192K)
 Metaspace       used 19247K, committed 19712K, reserved 1114112K
  class space    used 2126K, committed 2368K, reserved 1048576K

Heap Regions: E=young(eden), S=young(survivor), O=old, HS=humongous(starts), HC=humongous(continues), CS=collection set, F=free, TAMS=top-at-mark-start, PB=parsable bottom
|   0|0x0000000600c00000, 0x0000000600fb0768, 0x0000000601000000| 92%| O|  |TAMS 0x0000000600c00000| PB 0x0000000600c00000| Untracked 
|   1|0x0000000601000000, 0x0000000601000000, 0x0000000601400000|  0%| F|  |TAMS 0x0000000601000000| PB 0x0000000601000000| Untracked 
|   2|0x0000000601400000, 0x0000000601400000, 0x0000000601800000|  0%| F|  |TAMS 0x0000000601400000| PB 0x0000000601400000| Untracked 
|   3|0x0000000601800000, 0x0000000601800000, 0x0000000601c00000|  0%| F|  |TAMS 0x0000000601800000| PB 0x0000000601800000| Untracked 
|   4|0x0000000601c00000, 0x0000000601c00000, 0x0000000602000000|  0%| F|  |TAMS 0x0000000601c00000| PB 0x0000000601c00000| Untracked 
|   5|0x0000000602000000, 0x0000000602000000, 0x0000000602400000|  0%| F|  |TAMS 0x0000000602000000| PB 0x0000000602000000| Untracked 
|   6|0x0000000602400000, 0x0000000602400000, 0x0000000602800000|  0%| F|  |TAMS 0x0000000602400000| PB 0x0000000602400000| Untracked 
|   7|0x0000000602800000, 0x0000000602800000, 0x0000000602c00000|  0%| F|  |TAMS 0x0000000602800000| PB 0x0000000602800000| Untracked 
|   8|0x0000000602c00000, 0x0000000602c00000, 0x0000000603000000|  0%| F|  |TAMS 0x0000000602c00000| PB 0x0000000602c00000| Untracked 
|   9|0x0000000603000000, 0x0000000603000000, 0x0000000603400000|  0%| F|  |TAMS 0x0000000603000000| PB 0x0000000603000000| Untracked 
|  10|0x0000000603400000, 0x0000000603400000, 0x0000000603800000|  0%| F|  |TAMS 0x0000000603400000| PB 0x0000000603400000| Untracked 
|  11|0x0000000603800000, 0x0000000603800000, 0x0000000603c00000|  0%| F|  |TAMS 0x0000000603800000| PB 0x0000000603800000| Untracked 
|  12|0x0000000603c00000, 0x0000000603c00000, 0x0000000604000000|  0%| F|  |TAMS 0x0000000603c00000| PB 0x0000000603c00000| Untracked 
|  13|0x0000000604000000, 0x0000000604000000, 0x0000000604400000|  0%| F|  |TAMS 0x0000000604000000| PB 0x0000000604000000| Untracked 
|  14|0x0000000604400000, 0x0000000604400000, 0x0000000604800000|  0%| F|  |TAMS 0x0000000604400000| PB 0x0000000604400000| Untracked 
|  15|0x0000000604800000, 0x0000000604800000, 0x0000000604c00000|  0%| F|  |TAMS 0x0000000604800000| PB 0x0000000604800000| Untracked 
|  16|0x0000000604c00000, 0x0000000604c00000, 0x0000000605000000|  0%| F|  |TAMS 0x0000000604c00000| PB 0x0000000604c00000| Untracked 
|  17|0x0000000605000000, 0x0000000605000000, 0x0000000605400000|  0%| F|  |TAMS 0x0000000605000000| PB 0x0000000605000000| Untracked 
|  18|0x0000000605400000, 0x0000000605400000, 0x0000000605800000|  0%| F|  |TAMS 0x0000000605400000| PB 0x0000000605400000| Untracked 
|  19|0x0000000605800000, 0x0000000605800000, 0x0000000605c00000|  0%| F|  |TAMS 0x0000000605800000| PB 0x0000000605800000| Untracked 
|  20|0x0000000605c00000, 0x0000000605c00000, 0x0000000606000000|  0%| F|  |TAMS 0x0000000605c00000| PB 0x0000000605c00000| Untracked 
|  21|0x0000000606000000, 0x0000000606000000, 0x0000000606400000|  0%| F|  |TAMS 0x0000000606000000| PB 0x0000000606000000| Untracked 
|  22|0x0000000606400000, 0x0000000606400000, 0x0000000606800000|  0%| F|  |TAMS 0x0000000606400000| PB 0x0000000606400000| Untracked 
|  23|0x0000000606800000, 0x0000000606800000, 0x0000000606c00000|  0%| F|  |TAMS 0x0000000606800000| PB 0x0000000606800000| Untracked 
|  24|0x0000000606c00000, 0x0000000606c00000, 0x0000000607000000|  0%| F|  |TAMS 0x0000000606c00000| PB 0x0000000606c00000| Untracked 
|  25|0x0000000607000000, 0x0000000607000000, 0x0000000607400000|  0%| F|  |TAMS 0x0000000607000000| PB 0x0000000607000000| Untracked 
|  26|0x0000000607400000, 0x0000000607400000, 0x0000000607800000|  0%| F|  |TAMS 0x0000000607400000| PB 0x0000000607400000| Untracked 
|  27|0x0000000607800000, 0x0000000607800000, 0x0000000607c00000|  0%| F|  |TAMS 0x0000000607800000| PB 0x0000000607800000| Untracked 
|  28|0x0000000607c00000, 0x0000000607c00000, 0x0000000608000000|  0%| F|  |TAMS 0x0000000607c00000| PB 0x0000000607c00000| Untracked 
|  29|0x0000000608000000, 0x0000000608000000, 0x0000000608400000|  0%| F|  |TAMS 0x0000000608000000| PB 0x0000000608000000| Untracked 
|  30|0x0000000608400000, 0x0000000608400000, 0x0000000608800000|  0%| F|  |TAMS 0x0000000608400000| PB 0x0000000608400000| Untracked 
|  31|0x0000000608800000, 0x0000000608800000, 0x0000000608c00000|  0%| F|  |TAMS 0x0000000608800000| PB 0x0000000608800000| Untracked 
|  32|0x0000000608c00000, 0x0000000608c00000, 0x0000000609000000|  0%| F|  |TAMS 0x0000000608c00000| PB 0x0000000608c00000| Untracked 
|  33|0x0000000609000000, 0x0000000609000000, 0x0000000609400000|  0%| F|  |TAMS 0x0000000609000000| PB 0x0000000609000000| Untracked 
|  34|0x0000000609400000, 0x0000000609400000, 0x0000000609800000|  0%| F|  |TAMS 0x0000000609400000| PB 0x0000000609400000| Untracked 
|  35|0x0000000609800000, 0x0000000609800000, 0x0000000609c00000|  0%| F|  |TAMS 0x0000000609800000| PB 0x0000000609800000| Untracked 
|  36|0x0000000609c00000, 0x0000000609c00000, 0x000000060a000000|  0%| F|  |TAMS 0x0000000609c00000| PB 0x0000000609c00000| Untracked 
|  37|0x000000060a000000, 0x000000060a000000, 0x000000060a400000|  0%| F|  |TAMS 0x000000060a000000| PB 0x000000060a000000| Untracked 
|  38|0x000000060a400000, 0x000000060a400000, 0x000000060a800000|  0%| F|  |TAMS 0x000000060a400000| PB 0x000000060a400000| Untracked 
|  39|0x000000060a800000, 0x000000060a800000, 0x000000060ac00000|  0%| F|  |TAMS 0x000000060a800000| PB 0x000000060a800000| Untracked 
|  40|0x000000060ac00000, 0x000000060ac00000, 0x000000060b000000|  0%| F|  |TAMS 0x000000060ac00000| PB 0x000000060ac00000| Untracked 
|  41|0x000000060b000000, 0x000000060b000000, 0x000000060b400000|  0%| F|  |TAMS 0x000000060b000000| PB 0x000000060b000000| Untracked 
|  42|0x000000060b400000, 0x000000060b400000, 0x000000060b800000|  0%| F|  |TAMS 0x000000060b400000| PB 0x000000060b400000| Untracked 
|  43|0x000000060b800000, 0x000000060b800000, 0x000000060bc00000|  0%| F|  |TAMS 0x000000060b800000| PB 0x000000060b800000| Untracked 
|  44|0x000000060bc00000, 0x000000060bc00000, 0x000000060c000000|  0%| F|  |TAMS 0x000000060bc00000| PB 0x000000060bc00000| Untracked 
|  45|0x000000060c000000, 0x000000060c000000, 0x000000060c400000|  0%| F|  |TAMS 0x000000060c000000| PB 0x000000060c000000| Untracked 
|  46|0x000000060c400000, 0x000000060c400000, 0x000000060c800000|  0%| F|  |TAMS 0x000000060c400000| PB 0x000000060c400000| Untracked 
|  47|0x000000060c800000, 0x000000060c800000, 0x000000060cc00000|  0%| F|  |TAMS 0x000000060c800000| PB 0x000000060c800000| Untracked 
|  48|0x000000060cc00000, 0x000000060cc00000, 0x000000060d000000|  0%| F|  |TAMS 0x000000060cc00000| PB 0x000000060cc00000| Untracked 
|  49|0x000000060d000000, 0x000000060d000000, 0x000000060d400000|  0%| F|  |TAMS 0x000000060d000000| PB 0x000000060d000000| Untracked 
|  50|0x000000060d400000, 0x000000060d40e0e8, 0x000000060d800000|  1%| S|CS|TAMS 0x000000060d400000| PB 0x000000060d400000| Complete 
|  51|0x000000060d800000, 0x000000060dc00000, 0x000000060dc00000|100%| S|CS|TAMS 0x000000060d800000| PB 0x000000060d800000| Complete 
|  52|0x000000060dc00000, 0x000000060dc00000, 0x000000060e000000|  0%| F|  |TAMS 0x000000060dc00000| PB 0x000000060dc00000| Untracked 
|  53|0x000000060e000000, 0x000000060e000000, 0x000000060e400000|  0%| F|  |TAMS 0x000000060e000000| PB 0x000000060e000000| Untracked 
|  54|0x000000060e400000, 0x000000060e400000, 0x000000060e800000|  0%| F|  |TAMS 0x000000060e400000| PB 0x000000060e400000| Untracked 
|  55|0x000000060e800000, 0x000000060e800000, 0x000000060ec00000|  0%| F|  |TAMS 0x000000060e800000| PB 0x000000060e800000| Untracked 
|  56|0x000000060ec00000, 0x000000060ec00000, 0x000000060f000000|  0%| F|  |TAMS 0x000000060ec00000| PB 0x000000060ec00000| Untracked 
|  57|0x000000060f000000, 0x000000060f000000, 0x000000060f400000|  0%| F|  |TAMS 0x000000060f000000| PB 0x000000060f000000| Untracked 
|  58|0x000000060f400000, 0x000000060f400000, 0x000000060f800000|  0%| F|  |TAMS 0x000000060f400000| PB 0x000000060f400000| Untracked 
|  59|0x000000060f800000, 0x000000060f800000, 0x000000060fc00000|  0%| F|  |TAMS 0x000000060f800000| PB 0x000000060f800000| Untracked 
|  60|0x000000060fc00000, 0x000000060fc00000, 0x0000000610000000|  0%| F|  |TAMS 0x000000060fc00000| PB 0x000000060fc00000| Untracked 
|  61|0x0000000610000000, 0x0000000610000000, 0x0000000610400000|  0%| F|  |TAMS 0x0000000610000000| PB 0x0000000610000000| Untracked 
|  62|0x0000000610400000, 0x0000000610400000, 0x0000000610800000|  0%| F|  |TAMS 0x0000000610400000| PB 0x0000000610400000| Untracked 
|  63|0x0000000610800000, 0x0000000610800000, 0x0000000610c00000|  0%| F|  |TAMS 0x0000000610800000| PB 0x0000000610800000| Untracked 
|  64|0x0000000610c00000, 0x0000000610c00000, 0x0000000611000000|  0%| F|  |TAMS 0x0000000610c00000| PB 0x0000000610c00000| Untracked 
|  65|0x0000000611000000, 0x0000000611000000, 0x0000000611400000|  0%| F|  |TAMS 0x0000000611000000| PB 0x0000000611000000| Untracked 
|  66|0x0000000611400000, 0x0000000611400000, 0x0000000611800000|  0%| F|  |TAMS 0x0000000611400000| PB 0x0000000611400000| Untracked 
|  67|0x0000000611800000, 0x0000000611800000, 0x0000000611c00000|  0%| F|  |TAMS 0x0000000611800000| PB 0x0000000611800000| Untracked 
|  68|0x0000000611c00000, 0x0000000611c00000, 0x0000000612000000|  0%| F|  |TAMS 0x0000000611c00000| PB 0x0000000611c00000| Untracked 
|  69|0x0000000612000000, 0x0000000612000000, 0x0000000612400000|  0%| F|  |TAMS 0x0000000612000000| PB 0x0000000612000000| Untracked 
|  70|0x0000000612400000, 0x0000000612400000, 0x0000000612800000|  0%| F|  |TAMS 0x0000000612400000| PB 0x0000000612400000| Untracked 
|  71|0x0000000612800000, 0x000000061289d748, 0x0000000612c00000| 15%| E|  |TAMS 0x0000000612800000| PB 0x0000000612800000| Complete 
|  72|0x0000000612c00000, 0x0000000613000000, 0x0000000613000000|100%| E|CS|TAMS 0x0000000612c00000| PB 0x0000000612c00000| Complete 
|  73|0x0000000613000000, 0x0000000613400000, 0x0000000613400000|100%| E|CS|TAMS 0x0000000613000000| PB 0x0000000613000000| Complete 
|  74|0x0000000613400000, 0x0000000613800000, 0x0000000613800000|100%| E|CS|TAMS 0x0000000613400000| PB 0x0000000613400000| Complete 
|  75|0x0000000613800000, 0x0000000613c00000, 0x0000000613c00000|100%| E|CS|TAMS 0x0000000613800000| PB 0x0000000613800000| Complete 
|  76|0x0000000613c00000, 0x0000000614000000, 0x0000000614000000|100%| E|CS|TAMS 0x0000000613c00000| PB 0x0000000613c00000| Complete 
|  77|0x0000000614000000, 0x0000000614400000, 0x0000000614400000|100%| E|CS|TAMS 0x0000000614000000| PB 0x0000000614000000| Complete 
|  78|0x0000000614400000, 0x0000000614800000, 0x0000000614800000|100%| E|CS|TAMS 0x0000000614400000| PB 0x0000000614400000| Complete 
|  79|0x0000000614800000, 0x0000000614c00000, 0x0000000614c00000|100%| E|CS|TAMS 0x0000000614800000| PB 0x0000000614800000| Complete 
|  80|0x0000000614c00000, 0x0000000615000000, 0x0000000615000000|100%| E|CS|TAMS 0x0000000614c00000| PB 0x0000000614c00000| Complete 
|  81|0x0000000615000000, 0x0000000615400000, 0x0000000615400000|100%| E|CS|TAMS 0x0000000615000000| PB 0x0000000615000000| Complete 
|  82|0x0000000615400000, 0x0000000615800000, 0x0000000615800000|100%| E|CS|TAMS 0x0000000615400000| PB 0x0000000615400000| Complete 
|  83|0x0000000615800000, 0x0000000615c00000, 0x0000000615c00000|100%| E|CS|TAMS 0x0000000615800000| PB 0x0000000615800000| Complete 
|  84|0x0000000615c00000, 0x0000000616000000, 0x0000000616000000|100%| E|CS|TAMS 0x0000000615c00000| PB 0x0000000615c00000| Complete 
|  85|0x0000000616000000, 0x0000000616400000, 0x0000000616400000|100%| E|CS|TAMS 0x0000000616000000| PB 0x0000000616000000| Complete 
|  86|0x0000000616400000, 0x0000000616800000, 0x0000000616800000|100%| E|CS|TAMS 0x0000000616400000| PB 0x0000000616400000| Complete 
|  87|0x0000000616800000, 0x0000000616c00000, 0x0000000616c00000|100%| E|CS|TAMS 0x0000000616800000| PB 0x0000000616800000| Complete 
|  88|0x0000000616c00000, 0x0000000617000000, 0x0000000617000000|100%| E|CS|TAMS 0x0000000616c00000| PB 0x0000000616c00000| Complete 
|  89|0x0000000617000000, 0x0000000617400000, 0x0000000617400000|100%| E|CS|TAMS 0x0000000617000000| PB 0x0000000617000000| Complete 
|  90|0x0000000617400000, 0x0000000617800000, 0x0000000617800000|100%| E|CS|TAMS 0x0000000617400000| PB 0x0000000617400000| Complete 
|  91|0x0000000617800000, 0x0000000617c00000, 0x0000000617c00000|100%| E|CS|TAMS 0x0000000617800000| PB 0x0000000617800000| Complete 
|  92|0x0000000617c00000, 0x0000000618000000, 0x0000000618000000|100%| E|CS|TAMS 0x0000000617c00000| PB 0x0000000617c00000| Complete 
|  93|0x0000000618000000, 0x0000000618400000, 0x0000000618400000|100%| E|CS|TAMS 0x0000000618000000| PB 0x0000000618000000| Complete 
|  94|0x0000000618400000, 0x0000000618800000, 0x0000000618800000|100%| E|CS|TAMS 0x0000000618400000| PB 0x0000000618400000| Complete 
|  95|0x0000000618800000, 0x0000000618c00000, 0x0000000618c00000|100%| E|CS|TAMS 0x0000000618800000| PB 0x0000000618800000| Complete 
|  96|0x0000000618c00000, 0x0000000619000000, 0x0000000619000000|100%| E|CS|TAMS 0x0000000618c00000| PB 0x0000000618c00000| Complete 
|  97|0x0000000619000000, 0x0000000619400000, 0x0000000619400000|100%| E|CS|TAMS 0x0000000619000000| PB 0x0000000619000000| Complete 
|  98|0x0000000619400000, 0x0000000619800000, 0x0000000619800000|100%| E|CS|TAMS 0x0000000619400000| PB 0x0000000619400000| Complete 
|  99|0x0000000619800000, 0x0000000619c00000, 0x0000000619c00000|100%| E|CS|TAMS 0x0000000619800000| PB 0x0000000619800000| Complete 
| 100|0x0000000619c00000, 0x000000061a000000, 0x000000061a000000|100%| E|CS|TAMS 0x0000000619c00000| PB 0x0000000619c00000| Complete 
| 101|0x000000061a000000, 0x000000061a400000, 0x000000061a400000|100%| E|CS|TAMS 0x000000061a000000| PB 0x000000061a000000| Complete 
| 102|0x000000061a400000, 0x000000061a800000, 0x000000061a800000|100%| E|CS|TAMS 0x000000061a400000| PB 0x000000061a400000| Complete 
| 103|0x000000061a800000, 0x000000061ac00000, 0x000000061ac00000|100%| E|CS|TAMS 0x000000061a800000| PB 0x000000061a800000| Complete 
| 104|0x000000061ac00000, 0x000000061b000000, 0x000000061b000000|100%| E|CS|TAMS 0x000000061ac00000| PB 0x000000061ac00000| Complete 
| 105|0x000000061b000000, 0x000000061b400000, 0x000000061b400000|100%| E|CS|TAMS 0x000000061b000000| PB 0x000000061b000000| Complete 
| 106|0x000000061b400000, 0x000000061b800000, 0x000000061b800000|100%| E|CS|TAMS 0x000000061b400000| PB 0x000000061b400000| Complete 
| 107|0x000000061b800000, 0x000000061bc00000, 0x000000061bc00000|100%| E|CS|TAMS 0x000000061b800000| PB 0x000000061b800000| Complete 
| 108|0x000000061bc00000, 0x000000061c000000, 0x000000061c000000|100%| E|CS|TAMS 0x000000061bc00000| PB 0x000000061bc00000| Complete 
| 109|0x000000061c000000, 0x000000061c400000, 0x000000061c400000|100%| E|CS|TAMS 0x000000061c000000| PB 0x000000061c000000| Complete 
| 110|0x000000061c400000, 0x000000061c800000, 0x000000061c800000|100%| E|CS|TAMS 0x000000061c400000| PB 0x000000061c400000| Complete 
| 111|0x000000061c800000, 0x000000061cc00000, 0x000000061cc00000|100%| E|CS|TAMS 0x000000061c800000| PB 0x000000061c800000| Complete 
| 112|0x000000061cc00000, 0x000000061d000000, 0x000000061d000000|100%| E|CS|TAMS 0x000000061cc00000| PB 0x000000061cc00000| Complete 
| 113|0x000000061d000000, 0x000000061d400000, 0x000000061d400000|100%| E|CS|TAMS 0x000000061d000000| PB 0x000000061d000000| Complete 
| 114|0x000000061d400000, 0x000000061d800000, 0x000000061d800000|100%| E|CS|TAMS 0x000000061d400000| PB 0x000000061d400000| Complete 
| 115|0x000000061d800000, 0x000000061dc00000, 0x000000061dc00000|100%| E|CS|TAMS 0x000000061d800000| PB 0x000000061d800000| Complete 
| 116|0x000000061dc00000, 0x000000061e000000, 0x000000061e000000|100%| E|CS|TAMS 0x000000061dc00000| PB 0x000000061dc00000| Complete 
| 117|0x000000061e000000, 0x000000061e400000, 0x000000061e400000|100%| E|CS|TAMS 0x000000061e000000| PB 0x000000061e000000| Complete 
| 118|0x000000061e400000, 0x000000061e800000, 0x000000061e800000|100%| E|CS|TAMS 0x000000061e400000| PB 0x000000061e400000| Complete 
| 119|0x000000061e800000, 0x000000061ec00000, 0x000000061ec00000|100%| E|CS|TAMS 0x000000061e800000| PB 0x000000061e800000| Complete 
| 120|0x000000061ec00000, 0x000000061f000000, 0x000000061f000000|100%| E|CS|TAMS 0x000000061ec00000| PB 0x000000061ec00000| Complete 
| 121|0x000000061f000000, 0x000000061f400000, 0x000000061f400000|100%| E|CS|TAMS 0x000000061f000000| PB 0x000000061f000000| Complete 
| 122|0x000000061f400000, 0x000000061f800000, 0x000000061f800000|100%| E|CS|TAMS 0x000000061f400000| PB 0x000000061f400000| Complete 
| 123|0x000000061f800000, 0x000000061fc00000, 0x000000061fc00000|100%| E|CS|TAMS 0x000000061f800000| PB 0x000000061f800000| Complete 
| 124|0x000000061fc00000, 0x0000000620000000, 0x0000000620000000|100%| E|CS|TAMS 0x000000061fc00000| PB 0x000000061fc00000| Complete 
| 125|0x0000000620000000, 0x0000000620400000, 0x0000000620400000|100%| E|CS|TAMS 0x0000000620000000| PB 0x0000000620000000| Complete 
| 126|0x0000000620400000, 0x0000000620800000, 0x0000000620800000|100%| E|CS|TAMS 0x0000000620400000| PB 0x0000000620400000| Complete 
| 127|0x0000000620800000, 0x0000000620c00000, 0x0000000620c00000|100%| E|CS|TAMS 0x0000000620800000| PB 0x0000000620800000| Complete 

Card table byte_map: [0x0000012571080000,0x0000012572080000] _byte_map_base: 0x000001256e07a000

Marking Bits: (CMBitMap*) 0x000001255650db10
 Bits: [0x0000012572080000, 0x000001257a050000)

Polling page: 0x00000125561b0000

Metaspace:

Usage:
  Non-class:     16.72 MB used.
      Class:      2.08 MB used.
       Both:     18.80 MB used.

Virtual space:
  Non-class space:       64.00 MB reserved,      16.94 MB ( 26%) committed,  1 nodes.
      Class space:        1.00 GB reserved,       2.31 MB ( <1%) committed,  1 nodes.
             Both:        1.06 GB reserved,      19.25 MB (  2%) committed. 

Chunk freelists:
   Non-Class:  14.26 MB
       Class:  13.74 MB
        Both:  28.01 MB

MaxMetaspaceSize: unlimited
CompressedClassSpaceSize: 1.00 GB
Initial GC threshold: 21.00 MB
Current GC threshold: 21.00 MB
CDS: on
 - commit_granule_bytes: 65536.
 - commit_granule_words: 8192.
 - virtual_space_node_default_size: 8388608.
 - enlarge_chunks_in_place: 1.
 - use_allocation_guard: 0.


Internal statistics:

num_allocs_failed_limit: 0.
num_arena_births: 544.
num_arena_deaths: 0.
num_vsnodes_births: 2.
num_vsnodes_deaths: 0.
num_space_committed: 308.
num_space_uncommitted: 0.
num_chunks_returned_to_freelist: 0.
num_chunks_taken_from_freelist: 1053.
num_chunk_merges: 0.
num_chunk_splits: 677.
num_chunks_enlarged: 402.
num_inconsistent_stats: 0.

CodeHeap 'non-profiled nmethods': size=119168Kb used=3659Kb max_used=3659Kb free=115508Kb
 bounds [0x0000012567c60000, 0x0000012568000000, 0x000001256f0c0000]
CodeHeap 'profiled nmethods': size=119104Kb used=9611Kb max_used=9611Kb free=109492Kb
 bounds [0x00000125600c0000, 0x0000012560a30000, 0x0000012567510000]
CodeHeap 'non-nmethods': size=7488Kb used=1576Kb max_used=3293Kb free=5911Kb
 bounds [0x0000012567510000, 0x0000012567860000, 0x0000012567c60000]
 total_blobs=5670 nmethods=5034 adapters=540
 compilation: enabled
              stopped_count=0, restarted_count=0
 full_count=0

Compilation events (20 events):
Event: 138.168 Thread 0x000001257d162b00 nmethod 5025 0x0000012567fea110 code [0x0000012567fea5c0, 0x0000012567fed360]
Event: 138.168 Thread 0x000001257d162b00 5026       4       java.util.TreeMap::rotateLeft (96 bytes)
Event: 138.174 Thread 0x000001257d162b00 nmethod 5026 0x0000012567fef590 code [0x0000012567fef740, 0x0000012567feff50]
Event: 138.318 Thread 0x000001257d162b00 5027       4       java.util.stream.Sink::end (1 bytes)
Event: 138.318 Thread 0x000001257d162b00 nmethod 5027 0x0000012567ff0010 code [0x0000012567ff01a0, 0x0000012567ff0228]
Event: 138.568 Thread 0x000001257d170480 5028       3       sun.nio.cs.StreamEncoder::growByteBufferIfNeeded (59 bytes)
Event: 138.569 Thread 0x000001257d170480 nmethod 5028 0x0000012560a1fd10 code [0x0000012560a1ff00, 0x0000012560a20350]
Event: 138.569 Thread 0x000001257d170480 5029       3       sun.nio.cs.StreamEncoder::writeBytes (139 bytes)
Event: 138.569 Thread 0x000001257d170480 nmethod 5029 0x0000012560a20510 code [0x0000012560a20780, 0x0000012560a21210]
Event: 138.755 Thread 0x000001257d162b00 5030   !   4       org.joda.time.format.DateTimeFormatterBuilder$PaddedNumber::printTo (39 bytes)
Event: 138.765 Thread 0x000001257d162b00 nmethod 5030 0x0000012567ff0310 code [0x0000012567ff0560, 0x0000012567ff0e60]
Event: 140.012 Thread 0x000001257d162b00 5031       4       java.util.TreeSet::isEmpty (10 bytes)
Event: 140.012 Thread 0x000001257d162b00 nmethod 5031 0x0000012567ff1610 code [0x0000012567ff17a0, 0x0000012567ff1870]
Event: 142.080 Thread 0x000001257d170480 5032       3       BESA.Emotional.EmotionAxis::<init> (51 bytes)
Event: 142.081 Thread 0x000001257d170480 nmethod 5032 0x0000012560a21590 code [0x0000012560a21840, 0x0000012560a22500]
Event: 142.081 Thread 0x000001257d170480 5033       3       BESA.Emotional.EmotionAxis::setBaseValue (9 bytes)
Event: 142.082 Thread 0x000001257d170480 nmethod 5033 0x0000012560a22910 code [0x0000012560a22b00, 0x0000012560a22d98]
Event: 142.329 Thread 0x000001257d162b00 5034       4       org.joda.time.chrono.BasicMonthOfYearDateTimeField::roundFloor (31 bytes)
Event: 142.339 Thread 0x000001257d162b00 nmethod 5034 0x0000012567ff1990 code [0x0000012567ff1bc0, 0x0000012567ff2720]
Event: 144.072 Thread 0x000001257d162b00 5035   !   4       io.undertow.server.protocol.framed.AbstractFramedStreamSinkChannel::queueFinalFrame (139 bytes)

GC Heap History (12 events):
Event: 0.589 GC heap before
{Heap before GC invocations=0 (full 0):
 garbage-first heap   total 524288K, used 20480K [0x0000000600c00000, 0x0000000800000000)
  region size 4096K, 6 young (24576K), 0 survivors (0K)
 Metaspace       used 6205K, committed 6528K, reserved 1114112K
  class space    used 672K, committed 832K, reserved 1048576K
}
Event: 0.593 GC heap after
{Heap after GC invocations=1 (full 0):
 garbage-first heap   total 524288K, used 3950K [0x0000000600c00000, 0x0000000800000000)
  region size 4096K, 1 young (4096K), 1 survivors (4096K)
 Metaspace       used 6205K, committed 6528K, reserved 1114112K
  class space    used 672K, committed 832K, reserved 1048576K
}
Event: 2.458 GC heap before
{Heap before GC invocations=1 (full 0):
 garbage-first heap   total 524288K, used 32622K [0x0000000600c00000, 0x0000000800000000)
  region size 4096K, 9 young (36864K), 1 survivors (4096K)
 Metaspace       used 15978K, committed 16384K, reserved 1114112K
  class space    used 1856K, committed 2048K, reserved 1048576K
}
Event: 2.464 GC heap after
{Heap after GC invocations=2 (full 0):
 garbage-first heap   total 524288K, used 7176K [0x0000000600c00000, 0x0000000800000000)
  region size 4096K, 2 young (8192K), 2 survivors (8192K)
 Metaspace       used 15978K, committed 16384K, reserved 1114112K
  class space    used 1856K, committed 2048K, reserved 1048576K
}
Event: 13.594 GC heap before
{Heap before GC invocations=2 (full 0):
 garbage-first heap   total 524288K, used 93192K [0x0000000600c00000, 0x0000000800000000)
  region size 4096K, 24 young (98304K), 2 survivors (8192K)
 Metaspace       used 18272K, committed 18688K, reserved 1114112K
  class space    used 2098K, committed 2304K, reserved 1048576K
}
Event: 13.600 GC heap after
{Heap after GC invocations=3 (full 0):
 garbage-first heap   total 524288K, used 7639K [0x0000000600c00000, 0x0000000800000000)
  region size 4096K, 1 young (4096K), 1 survivors (4096K)
 Metaspace       used 18272K, committed 18688K, reserved 1114112K
  class space    used 2098K, committed 2304K, reserved 1048576K
}
Event: 58.277 GC heap before
{Heap before GC invocations=3 (full 0):
 garbage-first heap   total 524288K, used 310743K [0x0000000600c00000, 0x0000000800000000)
  region size 4096K, 76 young (311296K), 1 survivors (4096K)
 Metaspace       used 18915K, committed 19328K, reserved 1114112K
  class space    used 2103K, committed 2304K, reserved 1048576K
}
Event: 58.280 GC heap after
{Heap after GC invocations=4 (full 0):
 garbage-first heap   total 524288K, used 7837K [0x0000000600c00000, 0x0000000800000000)
  region size 4096K, 1 young (4096K), 1 survivors (4096K)
 Metaspace       used 18915K, committed 19328K, reserved 1114112K
  class space    used 2103K, committed 2304K, reserved 1048576K
}
Event: 97.395 GC heap before
{Heap before GC invocations=4 (full 0):
 garbage-first heap   total 524288K, used 315037K [0x0000000600c00000, 0x0000000800000000)
  region size 4096K, 76 young (311296K), 1 survivors (4096K)
 Metaspace       used 19109K, committed 19520K, reserved 1114112K
  class space    used 2118K, committed 2304K, reserved 1048576K
}
Event: 97.398 GC heap after
{Heap after GC invocations=5 (full 0):
 garbage-first heap   total 524288K, used 7873K [0x0000000600c00000, 0x0000000800000000)
  region size 4096K, 1 young (4096K), 1 survivors (4096K)
 Metaspace       used 19109K, committed 19520K, reserved 1114112K
  class space    used 2118K, committed 2304K, reserved 1048576K
}
Event: 126.762 GC heap before
{Heap before GC invocations=5 (full 0):
 garbage-first heap   total 524288K, used 315073K [0x0000000600c00000, 0x0000000800000000)
  region size 4096K, 76 young (311296K), 1 survivors (4096K)
 Metaspace       used 19195K, committed 19712K, reserved 1114112K
  class space    used 2126K, committed 2368K, reserved 1048576K
}
Event: 126.765 GC heap after
{Heap after GC invocations=6 (full 0):
 garbage-first heap   total 524288K, used 7930K [0x0000000600c00000, 0x0000000800000000)
  region size 4096K, 2 young (8192K), 2 survivors (8192K)
 Metaspace       used 19195K, committed 19712K, reserved 1114112K
  class space    used 2126K, committed 2368K, reserved 1048576K
}

Dll operation events (11 events):
Event: 0.011 Loaded shared library C:\Users\Andres\OneDrive - Universidad Tecnológica de Bolívar\Documentos\WPS\wpsUI-connection\wpsUI\src\wps\JreWin\bin\java.dll
Event: 0.046 Loaded shared library C:\Users\Andres\OneDrive - Universidad Tecnológica de Bolívar\Documentos\WPS\wpsUI-connection\wpsUI\src\wps\JreWin\bin\jsvml.dll
Event: 0.068 Loaded shared library C:\Users\Andres\OneDrive - Universidad Tecnológica de Bolívar\Documentos\WPS\wpsUI-connection\wpsUI\src\wps\JreWin\bin\net.dll
Event: 0.072 Loaded shared library C:\Users\Andres\OneDrive - Universidad Tecnológica de Bolívar\Documentos\WPS\wpsUI-connection\wpsUI\src\wps\JreWin\bin\nio.dll
Event: 0.083 Loaded shared library C:\Users\Andres\OneDrive - Universidad Tecnológica de Bolívar\Documentos\WPS\wpsUI-connection\wpsUI\src\wps\JreWin\bin\zip.dll
Event: 0.162 Loaded shared library C:\Users\Andres\OneDrive - Universidad Tecnológica de Bolívar\Documentos\WPS\wpsUI-connection\wpsUI\src\wps\JreWin\bin\jimage.dll
Event: 1.633 Loaded shared library C:\Users\Andres\OneDrive - Universidad Tecnológica de Bolívar\Documentos\WPS\wpsUI-connection\wpsUI\src\wps\JreWin\bin\verify.dll
Event: 1.893 Loaded shared library C:\Users\Andres\OneDrive - Universidad Tecnológica de Bolívar\Documentos\WPS\wpsUI-connection\wpsUI\src\wps\JreWin\bin\sunmscapi.dll
Event: 1.908 Loaded shared library C:\Users\Andres\OneDrive - Universidad Tecnológica de Bolívar\Documentos\WPS\wpsUI-connection\wpsUI\src\wps\JreWin\bin\extnet.dll
Event: 1.918 Loaded shared library C:\Users\Andres\OneDrive - Universidad Tecnológica de Bolívar\Documentos\WPS\wpsUI-connection\wpsUI\src\wps\JreWin\bin\management.dll
Event: 1.932 Loaded shared library C:\Users\Andres\OneDrive - Universidad Tecnológica de Bolívar\Documentos\WPS\wpsUI-connection\wpsUI\src\wps\JreWin\bin\management_ext.dll

Deoptimization events (20 events):
Event: 110.584 Thread 0x000001257e6fcb80 Uncommon trap: trap_request=0xffffffde fr.pc=0x0000012567f6b864 relative=0x0000000000003c64
Event: 110.584 Thread 0x000001257e6fcb80 Uncommon trap: reason=class_check action=maybe_recompile pc=0x0000012567f6b864 method=BESA.BDI.DBIDecisionMachine.DesireToIntentionInstantiationGuard.funcExecGuard(LBESA/Kernel/Agent/Event/EventBESA;)V @ 675 c2
Event: 110.584 Thread 0x000001257e6fcb80 DEOPT PACKING pc=0x0000012567f6b864 sp=0x0000001391eff260
Event: 110.584 Thread 0x000001257e6fcb80 DEOPT UNPACKING pc=0x00000125675646a2 sp=0x0000001391eff278 mode 2
Event: 110.646 Thread 0x000001257e6fcb80 Uncommon trap: trap_request=0xffffffde fr.pc=0x0000012567f6b864 relative=0x0000000000003c64
Event: 110.646 Thread 0x000001257e6fcb80 Uncommon trap: reason=class_check action=maybe_recompile pc=0x0000012567f6b864 method=BESA.BDI.DBIDecisionMachine.DesireToIntentionInstantiationGuard.funcExecGuard(LBESA/Kernel/Agent/Event/EventBESA;)V @ 675 c2
Event: 110.646 Thread 0x000001257e6fcb80 DEOPT PACKING pc=0x0000012567f6b864 sp=0x0000001391eff260
Event: 110.646 Thread 0x000001257e6fcb80 DEOPT UNPACKING pc=0x00000125675646a2 sp=0x0000001391eff278 mode 2
Event: 116.693 Thread 0x000001257e6fb7d0 Uncommon trap: trap_request=0xffffff45 fr.pc=0x0000012567fbde40 relative=0x0000000000000300
Event: 116.693 Thread 0x000001257e6fb7d0 Uncommon trap: reason=unstable_if action=reinterpret pc=0x0000012567fbde40 method=org.joda.time.chrono.BasicGJChronology.getMonthOfYear(JI)I @ 231 c2
Event: 116.693 Thread 0x000001257e6fb7d0 DEOPT PACKING pc=0x0000012567fbde40 sp=0x0000001391dfe6b0
Event: 116.693 Thread 0x000001257e6fb7d0 DEOPT UNPACKING pc=0x00000125675646a2 sp=0x0000001391dfe660 mode 2
Event: 127.509 Thread 0x000001257e6fb7d0 Uncommon trap: trap_request=0xffffff45 fr.pc=0x0000012567fc7508 relative=0x0000000000001b08
Event: 127.509 Thread 0x000001257e6fb7d0 Uncommon trap: reason=unstable_if action=reinterpret pc=0x0000012567fc7508 method=org.joda.time.chrono.BasicGJChronology.getMonthOfYear(JI)I @ 243 c2
Event: 127.509 Thread 0x000001257e6fb7d0 DEOPT PACKING pc=0x0000012567fc7508 sp=0x0000001391dfe870
Event: 127.509 Thread 0x000001257e6fb7d0 DEOPT UNPACKING pc=0x00000125675646a2 sp=0x0000001391dfe668 mode 2
Event: 128.452 Thread 0x000001257ea4c030 Uncommon trap: trap_request=0xffffff45 fr.pc=0x0000012567efb244 relative=0x00000000000002e4
Event: 128.452 Thread 0x000001257ea4c030 Uncommon trap: reason=unstable_if action=reinterpret pc=0x0000012567efb244 method=java.io.WinNTFileSystem.isLetter(C)Z @ 3 c2
Event: 128.452 Thread 0x000001257ea4c030 DEOPT PACKING pc=0x0000012567efb244 sp=0x00000013918ff0a0
Event: 128.452 Thread 0x000001257ea4c030 DEOPT UNPACKING pc=0x00000125675646a2 sp=0x00000013918fefd0 mode 2

Classes loaded (20 events):
Event: 12.699 Loading class java/util/stream/ForEachOps$ForEachTask
Event: 12.699 Loading class java/util/stream/ForEachOps$ForEachTask done
Event: 14.588 Loading class java/time/Month
Event: 14.588 Loading class java/time/Month done
Event: 14.588 Loading class java/time/Year
Event: 14.588 Loading class java/time/Year done
Event: 59.706 Loading class java/net/Proxy
Event: 59.706 Loading class java/net/Proxy done
Event: 92.786 Loading class java/util/TreeMap$KeySpliterator
Event: 92.786 Loading class java/util/TreeMap$TreeMapSpliterator
Event: 92.786 Loading class java/util/TreeMap$TreeMapSpliterator done
Event: 92.786 Loading class java/util/TreeMap$KeySpliterator done
Event: 92.794 Loading class java/util/regex/Pattern$LineEnding
Event: 92.794 Loading class java/util/regex/Pattern$LineEnding done
Event: 92.804 Loading class java/io/FileOutputStream$1
Event: 92.804 Loading class java/io/FileOutputStream$1 done
Event: 92.806 Loading class java/math/BigDecimal$StringBuilderHelper
Event: 92.806 Loading class java/math/BigDecimal$StringBuilderHelper done
Event: 92.806 Loading class jdk/internal/math/FDBigInteger
Event: 92.806 Loading class jdk/internal/math/FDBigInteger done

Classes unloaded (0 events):
No events

Classes redefined (0 events):
No events

Internal exceptions (20 events):
Event: 12.676 Thread 0x000001257ea4e100 Exception <a 'sun/nio/fs/WindowsException'{0x000000061b04b680}> (0x000000061b04b680) 
thrown [s\open\src\hotspot\share\prims\jni.cpp, line 520]
Event: 12.683 Thread 0x000001257ea4e100 Exception <a 'java/lang/NoSuchMethodError'{0x000000061b08cc50}: 'java.lang.Object java.lang.invoke.Invokers$Holder.invokeExact_MT(java.lang.Object, java.lang.Object, java.lang.Object, java.lang.Object, java.lang.Object, java.lang.Object)'> (0x000000061b08cc50) 
thrown [s\open\src\hotspot\share\interpreter\linkResolver.cpp, line 773]
Event: 12.699 Thread 0x000001257ea4e790 Exception <a 'java/lang/NoSuchMethodError'{0x000000061b14c440}: 'java.lang.Object java.lang.invoke.DirectMethodHandle$Holder.newInvokeSpecial(java.lang.Object, java.lang.Object, java.lang.Object, java.lang.Object, java.lang.Object, java.lang.Object, java.lang.Object, java.lang.Object)'> (0x000000061b14c440) 
thrown [s\open\src\hotspot\share\interpreter\linkResolver.cpp, line 773]
Event: 12.847 Thread 0x000001257ea4e790 Exception <a 'java/lang/NoSuchMethodError'{0x000000061b2775f0}: 'double java.lang.invoke.DirectMethodHandle$Holder.invokeVirtual(java.lang.Object, java.lang.Object)'> (0x000000061b2775f0) 
thrown [s\open\src\hotspot\share\interpreter\linkResolver.cpp, line 773]
Event: 13.910 Thread 0x000001257ea4e790 Exception <a 'java/lang/NoSuchMethodError'{0x00000006205017d8}: 'java.lang.Object java.lang.invoke.DirectMethodHandle$Holder.invokeSpecialIFC(java.lang.Object, java.lang.Object, java.lang.Object)'> (0x00000006205017d8) 
thrown [s\open\src\hotspot\share\interpreter\linkResolver.cpp, line 773]
Event: 21.260 Thread 0x000001257e6fb7d0 Implicit null exception at 0x0000012567e2f805 to 0x0000012567e2f8e0
Event: 55.360 Thread 0x000001257ea4ee20 Exception <a 'sun/nio/fs/WindowsException'{0x000000060f368480}> (0x000000060f368480) 
thrown [s\open\src\hotspot\share\prims\jni.cpp, line 520]
Event: 55.360 Thread 0x000001257ea4ee20 Exception <a 'sun/nio/fs/WindowsException'{0x000000060f3783c0}> (0x000000060f3783c0) 
thrown [s\open\src\hotspot\share\prims\jni.cpp, line 520]
Event: 55.360 Thread 0x000001257ea4ee20 Exception <a 'sun/nio/fs/WindowsException'{0x000000060f388478}> (0x000000060f388478) 
thrown [s\open\src\hotspot\share\prims\jni.cpp, line 520]
Event: 55.361 Thread 0x000001257ea4ee20 Exception <a 'sun/nio/fs/WindowsException'{0x000000060f398390}> (0x000000060f398390) 
thrown [s\open\src\hotspot\share\prims\jni.cpp, line 520]
Event: 92.787 Thread 0x000001257ea4e790 Exception <a 'java/lang/NoSuchMethodError'{0x0000000613f351e8}: 'void java.lang.invoke.DirectMethodHandle$Holder.invokeStatic(java.lang.Object, java.lang.Object, java.lang.Object, java.lang.Object)'> (0x0000000613f351e8) 
thrown [s\open\src\hotspot\share\interpreter\linkResolver.cpp, line 773]
Event: 93.220 Thread 0x000001257da35d60 Exception <a 'java/lang/IncompatibleClassChangeError'{0x000000060fff9ba0}: Found class java.lang.Object, but interface was expected> (0x000000060fff9ba0) 
thrown [s\open\src\hotspot\share\interpreter\linkResolver.cpp, line 840]
Event: 93.221 Thread 0x000001257da35d60 Exception <a 'java/lang/NoSuchMethodError'{0x000000060f8020b8}: 'java.lang.Object java.lang.invoke.DirectMethodHandle$Holder.newInvokeSpecial(java.lang.Object, long)'> (0x000000060f8020b8) 
thrown [s\open\src\hotspot\share\interpreter\linkResolver.cpp, line 773]
Event: 93.221 Thread 0x000001257da35d60 Implicit null exception at 0x0000012567db4c01 to 0x0000012567db4c7c
Event: 115.762 Thread 0x000001257dd99130 Exception <a 'java/lang/NoSuchMethodError'{0x00000006159c93c8}: 'java.lang.Object java.lang.invoke.DirectMethodHandle$Holder.invokeSpecial(java.lang.Object, java.lang.Object, java.lang.Object, java.lang.Object, int)'> (0x00000006159c93c8) 
thrown [s\open\src\hotspot\share\interpreter\linkResolver.cpp, line 773]
Event: 115.762 Thread 0x000001257dd99130 Exception <a 'java/lang/NoSuchMethodError'{0x0000000615b4d6a8}: 'java.lang.Object java.lang.invoke.Invokers$Holder.linkToTargetMethod(java.lang.Object, java.lang.Object, int, java.lang.Object)'> (0x0000000615b4d6a8) 
thrown [s\open\src\hotspot\share\interpreter\linkResolver.cpp, line 773]
Event: 119.613 Thread 0x000001257ea4e100 Exception <a 'sun/nio/fs/WindowsException'{0x0000000612e01158}> (0x0000000612e01158) 
thrown [s\open\src\hotspot\share\prims\jni.cpp, line 520]
Event: 119.613 Thread 0x000001257ea4e100 Exception <a 'sun/nio/fs/WindowsException'{0x0000000612e10e60}> (0x0000000612e10e60) 
thrown [s\open\src\hotspot\share\prims\jni.cpp, line 520]
Event: 119.614 Thread 0x000001257ea4e100 Exception <a 'sun/nio/fs/WindowsException'{0x0000000612e20ce0}> (0x0000000612e20ce0) 
thrown [s\open\src\hotspot\share\prims\jni.cpp, line 520]
Event: 119.614 Thread 0x000001257ea4e100 Exception <a 'sun/nio/fs/WindowsException'{0x0000000612e309c0}> (0x0000000612e309c0) 
thrown [s\open\src\hotspot\share\prims\jni.cpp, line 520]

ZGC Phase Switch (0 events):
No events

VM Operations (20 events):
Event: 128.787 Executing VM operation: Cleanup
Event: 128.787 Executing VM operation: Cleanup done
Event: 129.802 Executing VM operation: Cleanup
Event: 129.802 Executing VM operation: Cleanup done
Event: 132.822 Executing VM operation: Cleanup
Event: 132.822 Executing VM operation: Cleanup done
Event: 133.829 Executing VM operation: Cleanup
Event: 133.829 Executing VM operation: Cleanup done
Event: 135.844 Executing VM operation: Cleanup
Event: 135.844 Executing VM operation: Cleanup done
Event: 136.853 Executing VM operation: Cleanup
Event: 136.853 Executing VM operation: Cleanup done
Event: 138.879 Executing VM operation: Cleanup
Event: 138.879 Executing VM operation: Cleanup done
Event: 139.885 Executing VM operation: Cleanup
Event: 139.885 Executing VM operation: Cleanup done
Event: 140.893 Executing VM operation: Cleanup
Event: 140.893 Executing VM operation: Cleanup done
Event: 142.920 Executing VM operation: Cleanup
Event: 142.920 Executing VM operation: Cleanup done

Events (20 events):
Event: 92.800 Thread 0x000001257e688b20 Thread added: 0x000001257e688b20
Event: 92.800 Thread 0x000001257e6891d0 Thread added: 0x000001257e6891d0
Event: 92.800 Thread 0x000001254daf20b0 Thread added: 0x000001254daf20b0
Event: 92.802 Thread 0x000001257dd22390 Thread added: 0x000001257dd22390
Event: 92.973 Thread 0x000001257dd22390 Thread exited: 0x000001257dd22390
Event: 93.220 Thread 0x000001257ea4ac80 Thread exited: 0x000001257ea4ac80
Event: 93.220 Thread 0x000001257ea4e790 Thread exited: 0x000001257ea4e790
Event: 94.274 Thread 0x000001254daf20b0 Thread exited: 0x000001254daf20b0
Event: 95.766 Thread 0x000001257e6891d0 Thread exited: 0x000001257e6891d0
Event: 95.767 Thread 0x000001257e688b20 Thread exited: 0x000001257e688b20
Event: 101.811 Thread 0x000001257dac85a0 Thread added: 0x000001257dac85a0
Event: 106.158 Thread 0x000001257dac85a0 Thread exited: 0x000001257dac85a0
Event: 115.370 Thread 0x000001257ea4ee20 Thread exited: 0x000001257ea4ee20
Event: 119.612 Thread 0x000001257ea4e100 Thread added: 0x000001257ea4e100
Event: 119.615 Thread 0x000001257ea4ac80 Thread added: 0x000001257ea4ac80
Event: 119.615 Thread 0x000001257ea50860 Thread added: 0x000001257ea50860
Event: 128.455 Thread 0x000001257ebf34f0 Thread added: 0x000001257ebf34f0
Event: 128.631 Thread 0x000001257ea4f4b0 Thread exited: 0x000001257ea4f4b0
Event: 128.631 Thread 0x000001257ea4c030 Thread exited: 0x000001257ea4c030
Event: 129.630 Thread 0x000001257ebf34f0 Thread exited: 0x000001257ebf34f0


Dynamic libraries:
0x00007ff7f8d20000 - 0x00007ff7f8d30000 	C:\Users\Andres\OneDrive - Universidad Tecnológica de Bolívar\Documentos\WPS\wpsUI-connection\wpsUI\src\wps\JreWin\bin\java.exe
0x00007ffa53620000 - 0x00007ffa53885000 	C:\WINDOWS\SYSTEM32\ntdll.dll
0x00007ffa52800000 - 0x00007ffa528c9000 	C:\WINDOWS\System32\KERNEL32.DLL
0x00007ffa508f0000 - 0x00007ffa50cd8000 	C:\WINDOWS\System32\KERNELBASE.dll
0x00007ffa50fa0000 - 0x00007ffa510eb000 	C:\WINDOWS\System32\ucrtbase.dll
0x00007ffa42630000 - 0x00007ffa42649000 	C:\Users\Andres\OneDrive - Universidad Tecnológica de Bolívar\Documentos\WPS\wpsUI-connection\wpsUI\src\wps\JreWin\bin\jli.dll
0x00007ffa42090000 - 0x00007ffa420ab000 	C:\Users\Andres\OneDrive - Universidad Tecnológica de Bolívar\Documentos\WPS\wpsUI-connection\wpsUI\src\wps\JreWin\bin\VCRUNTIME140.dll
0x00007ffa52740000 - 0x00007ffa527f3000 	C:\WINDOWS\System32\ADVAPI32.dll
0x00007ffa531d0000 - 0x00007ffa53279000 	C:\WINDOWS\System32\msvcrt.dll
0x00007ffa513c0000 - 0x00007ffa51466000 	C:\WINDOWS\System32\sechost.dll
0x00007ffa528d0000 - 0x00007ffa529e5000 	C:\WINDOWS\System32\RPCRT4.dll
0x00007ffa52fa0000 - 0x00007ffa5316a000 	C:\WINDOWS\System32\USER32.dll
0x00007ffa510f0000 - 0x00007ffa51117000 	C:\WINDOWS\System32\win32u.dll
0x00007ffa516c0000 - 0x00007ffa516eb000 	C:\WINDOWS\System32\GDI32.dll
0x00007ffa50e60000 - 0x00007ffa50f97000 	C:\WINDOWS\System32\gdi32full.dll
0x00007ffa38300000 - 0x00007ffa3859a000 	C:\WINDOWS\WinSxS\amd64_microsoft.windows.common-controls_6595b64144ccf1df_6.0.26100.4202_none_3e0698d4e335f517\COMCTL32.dll
0x00007ffa51250000 - 0x00007ffa512f3000 	C:\WINDOWS\System32\msvcp_win.dll
0x00007ffa49c70000 - 0x00007ffa49c7b000 	C:\WINDOWS\SYSTEM32\VERSION.dll
0x00007ffa51580000 - 0x00007ffa515b0000 	C:\WINDOWS\System32\IMM32.DLL
0x00007ffa49c80000 - 0x00007ffa49c8c000 	C:\Users\Andres\OneDrive - Universidad Tecnológica de Bolívar\Documentos\WPS\wpsUI-connection\wpsUI\src\wps\JreWin\bin\vcruntime140_1.dll
0x00007ff9a96d0000 - 0x00007ff9a975e000 	C:\Users\Andres\OneDrive - Universidad Tecnológica de Bolívar\Documentos\WPS\wpsUI-connection\wpsUI\src\wps\JreWin\bin\msvcp140.dll
0x00007ff938370000 - 0x00007ff939087000 	C:\Users\Andres\OneDrive - Universidad Tecnológica de Bolívar\Documentos\WPS\wpsUI-connection\wpsUI\src\wps\JreWin\bin\server\jvm.dll
0x00007ffa51490000 - 0x00007ffa51504000 	C:\WINDOWS\System32\WS2_32.dll
0x00007ffa4f3b0000 - 0x00007ffa4f40e000 	C:\WINDOWS\SYSTEM32\POWRPROF.dll
0x00007ffa49c30000 - 0x00007ffa49c65000 	C:\WINDOWS\SYSTEM32\WINMM.dll
0x00007ffa4f390000 - 0x00007ffa4f3a4000 	C:\WINDOWS\SYSTEM32\UMPDC.dll
0x00007ffa4f650000 - 0x00007ffa4f66b000 	C:\WINDOWS\SYSTEM32\kernel.appcore.dll
0x00007ffa42080000 - 0x00007ffa4208a000 	C:\Users\Andres\OneDrive - Universidad Tecnológica de Bolívar\Documentos\WPS\wpsUI-connection\wpsUI\src\wps\JreWin\bin\jimage.dll
0x00007ffa438c0000 - 0x00007ffa43b01000 	C:\WINDOWS\SYSTEM32\DBGHELP.DLL
0x00007ffa516f0000 - 0x00007ffa51a75000 	C:\WINDOWS\System32\combase.dll
0x00007ffa52470000 - 0x00007ffa52551000 	C:\WINDOWS\System32\OLEAUT32.dll
0x00007ffa36d80000 - 0x00007ffa36db9000 	C:\WINDOWS\SYSTEM32\dbgcore.DLL
0x00007ffa511b0000 - 0x00007ffa51249000 	C:\WINDOWS\System32\bcryptPrimitives.dll
0x00007ffa42060000 - 0x00007ffa4207f000 	C:\Users\Andres\OneDrive - Universidad Tecnológica de Bolívar\Documentos\WPS\wpsUI-connection\wpsUI\src\wps\JreWin\bin\java.dll
0x00007ffa51c30000 - 0x00007ffa52372000 	C:\WINDOWS\System32\SHELL32.dll
0x00007ffa50770000 - 0x00007ffa508e4000 	C:\WINDOWS\System32\wintypes.dll
0x00007ffa4e430000 - 0x00007ffa4ec87000 	C:\WINDOWS\SYSTEM32\windows.storage.dll
0x00007ffa515c0000 - 0x00007ffa516b1000 	C:\WINDOWS\System32\SHCORE.dll
0x00007ffa51510000 - 0x00007ffa5157a000 	C:\WINDOWS\System32\shlwapi.dll
0x00007ffa50680000 - 0x00007ffa506af000 	C:\WINDOWS\SYSTEM32\profapi.dll
0x00007ff9a95f0000 - 0x00007ff9a96c7000 	C:\Users\Andres\OneDrive - Universidad Tecnológica de Bolívar\Documentos\WPS\wpsUI-connection\wpsUI\src\wps\JreWin\bin\jsvml.dll
0x00007ffa42050000 - 0x00007ffa42060000 	C:\Users\Andres\OneDrive - Universidad Tecnológica de Bolívar\Documentos\WPS\wpsUI-connection\wpsUI\src\wps\JreWin\bin\net.dll
0x00007ffa464b0000 - 0x00007ffa465ce000 	C:\WINDOWS\SYSTEM32\WINHTTP.dll
0x00007ffa4fbc0000 - 0x00007ffa4fc2a000 	C:\WINDOWS\system32\mswsock.dll
0x00007ffa25160000 - 0x00007ffa25176000 	C:\Users\Andres\OneDrive - Universidad Tecnológica de Bolívar\Documentos\WPS\wpsUI-connection\wpsUI\src\wps\JreWin\bin\nio.dll
0x00007ffa25140000 - 0x00007ffa25158000 	C:\Users\Andres\OneDrive - Universidad Tecnológica de Bolívar\Documentos\WPS\wpsUI-connection\wpsUI\src\wps\JreWin\bin\zip.dll
0x00007ffa4fe70000 - 0x00007ffa4fe8b000 	C:\WINDOWS\SYSTEM32\CRYPTSP.dll
0x00007ffa4f5b0000 - 0x00007ffa4f5ea000 	C:\WINDOWS\system32\rsaenh.dll
0x00007ffa4fc60000 - 0x00007ffa4fc8b000 	C:\WINDOWS\SYSTEM32\USERENV.dll
0x00007ffa50650000 - 0x00007ffa50676000 	C:\WINDOWS\SYSTEM32\bcrypt.dll
0x00007ffa4fe90000 - 0x00007ffa4fe9c000 	C:\WINDOWS\SYSTEM32\CRYPTBASE.dll
0x00007ffa4f0a0000 - 0x00007ffa4f0d3000 	C:\WINDOWS\SYSTEM32\IPHLPAPI.DLL
0x00007ffa52380000 - 0x00007ffa5238a000 	C:\WINDOWS\System32\NSI.dll
0x00007ffa14650000 - 0x00007ffa14660000 	C:\Users\Andres\OneDrive - Universidad Tecnológica de Bolívar\Documentos\WPS\wpsUI-connection\wpsUI\src\wps\JreWin\bin\verify.dll
0x00007ffa14640000 - 0x00007ffa1464e000 	C:\Users\Andres\OneDrive - Universidad Tecnológica de Bolívar\Documentos\WPS\wpsUI-connection\wpsUI\src\wps\JreWin\bin\sunmscapi.dll
0x00007ffa50ce0000 - 0x00007ffa50e57000 	C:\WINDOWS\System32\CRYPT32.dll
0x00007ffa50090000 - 0x00007ffa500c0000 	C:\WINDOWS\SYSTEM32\ncrypt.dll
0x00007ffa50040000 - 0x00007ffa5007f000 	C:\WINDOWS\SYSTEM32\NTASN1.dll
0x00007ffa083c0000 - 0x00007ffa083c8000 	C:\WINDOWS\system32\wshunix.dll
0x00007ffa14630000 - 0x00007ffa14639000 	C:\Users\Andres\OneDrive - Universidad Tecnológica de Bolívar\Documentos\WPS\wpsUI-connection\wpsUI\src\wps\JreWin\bin\extnet.dll
0x00007ff9fa3a0000 - 0x00007ff9fa3aa000 	C:\Users\Andres\OneDrive - Universidad Tecnológica de Bolívar\Documentos\WPS\wpsUI-connection\wpsUI\src\wps\JreWin\bin\management.dll
0x00007ff9a95e0000 - 0x00007ff9a95eb000 	C:\Users\Andres\OneDrive - Universidad Tecnológica de Bolívar\Documentos\WPS\wpsUI-connection\wpsUI\src\wps\JreWin\bin\management_ext.dll
0x00007ffa531c0000 - 0x00007ffa531c8000 	C:\WINDOWS\System32\PSAPI.DLL

dbghelp: loaded successfully - version: 4.0.5 - missing functions: none
symbol engine: initialized successfully - sym options: 0x614 - pdb path: .;C:\Users\Andres\OneDrive - Universidad Tecnológica de Bolívar\Documentos\WPS\wpsUI-connection\wpsUI\src\wps\JreWin\bin;C:\WINDOWS\SYSTEM32;C:\WINDOWS\WinSxS\amd64_microsoft.windows.common-controls_6595b64144ccf1df_6.0.26100.4202_none_3e0698d4e335f517;C:\Users\Andres\OneDrive - Universidad Tecnológica de Bolívar\Documentos\WPS\wpsUI-connection\wpsUI\src\wps\JreWin\bin\server

VM Arguments:
java_command: C:\Users\Andres\OneDrive - Universidad Tecnológica de Bolívar\Documentos\WPS\wpsUI-connection\wpsUI/src/wps/wpsSimulator-1.0.jar -mode single -env local -agents 1 -money 75000 -land 2 -personality 0 -tools 20 -seeds 50 -water 0 -irrigation 0 -emotions 0 -years 1
java_class_path (initial): C:\Users\Andres\OneDrive - Universidad Tecnológica de Bolívar\Documentos\WPS\wpsUI-connection\wpsUI/src/wps/wpsSimulator-1.0.jar
Launcher Type: SUN_STANDARD

[Global flags]
     intx CICompilerCount                          = 12                                        {product} {ergonomic}
     uint ConcGCThreads                            = 3                                         {product} {ergonomic}
     uint G1ConcRefinementThreads                  = 13                                        {product} {ergonomic}
   size_t G1HeapRegionSize                         = 4194304                                   {product} {ergonomic}
    uintx GCDrainStackTargetSize                   = 64                                        {product} {ergonomic}
   size_t InitialHeapSize                          = 536870912                                 {product} {ergonomic}
   size_t MarkStackSize                            = 4194304                                   {product} {ergonomic}
   size_t MaxHeapSize                              = 8577351680                                {product} {ergonomic}
   size_t MaxNewSize                               = 5146411008                                {product} {ergonomic}
   size_t MinHeapDeltaBytes                        = 4194304                                   {product} {ergonomic}
   size_t MinHeapSize                              = 8388608                                   {product} {ergonomic}
    uintx NonNMethodCodeHeapSize                   = 7602480                                {pd product} {ergonomic}
    uintx NonProfiledCodeHeapSize                  = 122027880                              {pd product} {ergonomic}
    uintx ProfiledCodeHeapSize                     = 122027880                              {pd product} {ergonomic}
    uintx ReservedCodeCacheSize                    = 251658240                              {pd product} {ergonomic}
     bool SegmentedCodeCache                       = true                                      {product} {ergonomic}
   size_t SoftMaxHeapSize                          = 8577351680                             {manageable} {ergonomic}
     bool UseCompressedOops                        = true                           {product lp64_product} {ergonomic}
     bool UseG1GC                                  = true                                      {product} {ergonomic}
     bool UseLargePagesIndividualAllocation        = false                                  {pd product} {ergonomic}

Logging:
Log output configuration:
 #0: stdout all=warning uptime,level,tags foldmultilines=false
 #1: stderr all=off uptime,level,tags foldmultilines=false

Environment Variables:
JAVA_HOME=C:\Program Files\Java\jdk-22
PATH=C:\Users\Andres\OneDrive - Universidad Tecnológica de Bolívar\Documentos\WPS\wpsUI-connection\wpsUI\node_modules\.bin;C:\Users\Andres\OneDrive - Universidad Tecnológica de Bolívar\Documentos\WPS\wpsUI-connection\node_modules\.bin;C:\Users\Andres\OneDrive - Universidad Tecnológica de Bolívar\Documentos\WPS\node_modules\.bin;C:\Users\Andres\OneDrive - Universidad Tecnológica de Bolívar\Documentos\node_modules\.bin;C:\Users\Andres\OneDrive - Universidad Tecnológica de Bolívar\node_modules\.bin;C:\Users\Andres\node_modules\.bin;C:\Users\node_modules\.bin;C:\node_modules\.bin;C:\Program Files\nodejs\node_modules\npm\node_modules\@npmcli\run-script\lib\node-gyp-bin;C:\Users\Andres\anaconda3;C:\Users\Andres\anaconda3\Library\mingw-w64\bin;C:\Users\Andres\anaconda3\Library\usr\bin;C:\Users\Andres\anaconda3\Library\bin;C:\Users\Andres\anaconda3\Scripts;C:\Users\Andres\anaconda3\bin;C:\Users\Andres\anaconda3\condabin;C:\Program Files\Microsoft SDKs\Azure\CLI2\wbin;C:\Python312\Scripts;C:\Python312;C:\Program Files\Common Files\Oracle\Java\javapath;C:\Program Files (x86)\Common Files\Oracle\Java\javapath;C:\WINDOWS\system32;C:\WINDOWS;C:\WINDOWS\System32\Wbem;C:\WINDOWS\System32\WindowsPowerShell\v1.0;C:\WINDOWS\System32\OpenSSH;C:\Program Files\Git\cmd;C:\apache-maven-3.9.9-bin\apache-maven-3.9.9\bin;C:\Program Files\Java\jdk-22\bin;.;C:\Program Files\Docker\Docker\resources\bin;C:\Program Files\Amazon\AWSCLIV2;C:\Program Files\PuTTY;C:\Program Files\nodejs;C:\ProgramData\chocolatey\bin;C:\Users\Andres\AppData\Local\Microsoft\WindowsApps;C:\Users\Andres\AppData\Local\Programs\Microsoft VS Code\bin;C:\msys64\mingw64\bin;C:\Users\Andres\AppData\Local\JetBrains\Toolbox\scripts;C:\terraform_1.9.5_windows_amd64;C:\Users\Andres\AppData\Local\Programs\Python\Python310;C:\Users\Andres\AppData\Local\Programs\Python\Python310\Scripts;C:\Users\Andres\AppData\Roaming\npm;C:\Program Files\nodejs;C:\Program Files (x86)\NSIS;.;C:\Users\Andres\AppData\Local\Microsoft\WindowsApps;C:\Program Files\Microsoft SDKs\Azure\CLI2\wbin;C:\Python312\Scripts\;C:\Python312\;C:\Program Files\Common Files\Oracle\Java\javapath;C:\Program Files (x86)\Common Files\Oracle\Java\javapath;C:\WINDOWS\system32;C:\WINDOWS;C:\WINDOWS\System32\Wbem;C:\WINDOWS\System32\WindowsPowerShell\v1.0\;C:\WINDOWS\System32\OpenSSH\;C:\Program Files\Git\cmd;%MAVEN_HOME%\bin;C:\Program Files\Java\jdk-22\bin;C:\Program Files\Docker\Docker\resources\bin;C:\Program Files\Amazon\AWSCLIV2\;C:\Program Files\PuTTY\;C:\Program Files\nodejs\;C:\ProgramData\chocolatey\bin;C:\Program Files\MATLAB\R2024b\bin;C:\Users\Andres\AppData\Local\Microsoft\WindowsApps;C:\Users\Andres\AppData\Local\Programs\Microsoft VS Code\bin;C:\msys64\mingw64\bin;C:\Users\Andres\AppData\Local\JetBrains\Toolbox\scripts;C:\terraform_1.9.5_windows_amd64;C:\Users\Andres\AppData\Local\Programs\Python\Python310\;C:\Users\Andres\AppData\Local\Programs\Python\Python310\Scripts\;C:\Users\Andres\AppData\Roaming\npm;C:\Program Files\nodejs;C:\Program Files (x86)\NSIS;C:\Users\Andres\AppData\Local\Microsoft\WindowsApps;C:\Program Files\Oracle\VirtualBox;
USERNAME=Andres
LANG=es_ES.UTF-8
OS=Windows_NT
PROCESSOR_IDENTIFIER=AMD64 Family 23 Model 8 Stepping 2, AuthenticAMD
TMP=C:\Users\Andres\AppData\Local\Temp
TEMP=C:\Users\Andres\AppData\Local\Temp




Periodic native trim disabled

---------------  S Y S T E M  ---------------

OS:
 Windows 11 , 64 bit Build 26100 (10.0.26100.4202)
OS uptime: 2 days 16:08 hours

CPU: total 16 (initial active 16) (16 cores per cpu, 2 threads per core) family 23 model 8 stepping 2 microcode 0x800820d, cx8, cmov, fxsr, ht, mmx, 3dnowpref, sse, sse2, sse3, ssse3, sse4a, sse4.1, sse4.2, popcnt, lzcnt, tsc, tscinvbit, avx, avx2, aes, clmul, bmi1, bmi2, adx, sha, fma, vzeroupper, clflush, clflushopt, rdtscp, f16c
Processor Information for all 16 processors :
  Max Mhz: 3200, Current Mhz: 3200, Mhz Limit: 3200

Memory: 4k page, system-wide physical 32718M (14629M free)
TotalPageFile size 32718M (AvailPageFile size 1M)
current process WorkingSet (physical memory assigned to process): 408M, peak: 423M
current process commit charge ("private bytes"): 663M, peak: 682M

vm_info: Java HotSpot(TM) 64-Bit Server VM (21.0.2+13-LTS-58) for windows-amd64 JRE (21.0.2+13-LTS-58), built on 2024-01-05T18:32:24Z by "mach5one" with MS VC++ 17.1 (VS2022)

END.
